c:\users\hanamarusan\documents\visual studio 2013\projects\os_hw02\os_hw02\debug\vc120.pdb
c:\users\hanamarusan\documents\visual studio 2013\projects\os_hw02\os_hw02\debug\vc120.idb
c:\users\hanamarusan\documents\visual studio 2013\projects\os_hw02\os_hw02\debug\bankersalgorism.obj
c:\users\hanamarusan\documents\visual studio 2013\projects\os_hw02\os_hw02\debug\main.obj
c:\users\hanamarusan\documents\visual studio 2013\projects\os_hw02\debug\os_hw02.pdb
c:\users\hanamarusan\documents\visual studio 2013\projects\os_hw02\os_hw02\debug\os_hw02.tlog\cl.command.1.tlog
c:\users\hanamarusan\documents\visual studio 2013\projects\os_hw02\os_hw02\debug\os_hw02.tlog\cl.read.1.tlog
c:\users\hanamarusan\documents\visual studio 2013\projects\os_hw02\os_hw02\debug\os_hw02.tlog\cl.write.1.tlog
c:\users\hanamarusan\documents\visual studio 2013\projects\os_hw02\os_hw02\debug\os_hw02.tlog\link-cvtres.read.1.tlog
c:\users\hanamarusan\documents\visual studio 2013\projects\os_hw02\os_hw02\debug\os_hw02.tlog\link-cvtres.write.1.tlog
c:\users\hanamarusan\documents\visual studio 2013\projects\os_hw02\os_hw02\debug\os_hw02.tlog\link-rc.read.1.tlog
c:\users\hanamarusan\documents\visual studio 2013\projects\os_hw02\os_hw02\debug\os_hw02.tlog\link-rc.write.1.tlog
c:\users\hanamarusan\documents\visual studio 2013\projects\os_hw02\os_hw02\debug\os_hw02.tlog\link.5224-cvtres.read.1.tlog
c:\users\hanamarusan\documents\visual studio 2013\projects\os_hw02\os_hw02\debug\os_hw02.tlog\link.5224-cvtres.write.1.tlog
c:\users\hanamarusan\documents\visual studio 2013\projects\os_hw02\os_hw02\debug\os_hw02.tlog\link.5224-rc.read.1.tlog
c:\users\hanamarusan\documents\visual studio 2013\projects\os_hw02\os_hw02\debug\os_hw02.tlog\link.5224-rc.write.1.tlog
c:\users\hanamarusan\documents\visual studio 2013\projects\os_hw02\os_hw02\debug\os_hw02.tlog\link.5224.read.1.tlog
c:\users\hanamarusan\documents\visual studio 2013\projects\os_hw02\os_hw02\debug\os_hw02.tlog\link.5224.write.1.tlog
c:\users\hanamarusan\documents\visual studio 2013\projects\os_hw02\os_hw02\debug\os_hw02.tlog\link.command.1.tlog
c:\users\hanamarusan\documents\visual studio 2013\projects\os_hw02\os_hw02\debug\os_hw02.tlog\link.read.1.tlog
c:\users\hanamarusan\documents\visual studio 2013\projects\os_hw02\os_hw02\debug\os_hw02.tlog\link.write.1.tlog
